0 info it worked if it ends with ok
1 verbose cli [ '/usr/local/bin/node',
1 verbose cli   '/usr/local/bin/npm',
1 verbose cli   '-g',
1 verbose cli   'install',
1 verbose cli   'jsl' ]
2 info using npm@1.2.11
3 info using node@v0.8.20
4 verbose read json /usr/local/lib/package.json
5 verbose read json /usr/local/lib/package.json
6 verbose cache add [ 'jsl', null ]
7 verbose cache add name=undefined spec="jsl" args=["jsl",null]
8 verbose parsed url { pathname: 'jsl', path: 'jsl', href: 'jsl' }
9 silly lockFile b396ab39-jsl jsl
10 verbose lock jsl /root/.npm/b396ab39-jsl.lock
11 silly lockFile b396ab39-jsl jsl
12 silly lockFile b396ab39-jsl jsl
13 verbose addNamed [ 'jsl', '' ]
14 verbose addNamed [ null, '' ]
15 silly lockFile 4cb4ca40-jsl jsl@
16 verbose lock jsl@ /root/.npm/4cb4ca40-jsl.lock
17 silly addNameRange { name: 'jsl', range: '', hasData: false }
18 verbose url raw jsl
19 verbose url resolving [ 'https://registry.npmjs.org/', './jsl' ]
20 verbose url resolved https://registry.npmjs.org/jsl
21 info trying registry request attempt 1 at 13:24:24
22 http GET https://registry.npmjs.org/jsl
23 http 404 https://registry.npmjs.org/jsl
24 silly registry.get cb [ 404,
24 silly registry.get   { server: 'CouchDB/1.2.1 (Erlang OTP/R15B03)',
24 silly registry.get     date: 'Tue, 05 Mar 2013 12:24:37 GMT',
24 silly registry.get     'content-type': 'application/json',
24 silly registry.get     'content-length': '52',
24 silly registry.get     'cache-control': 'must-revalidate' } ]
25 silly lockFile 4cb4ca40-jsl jsl@
26 silly lockFile 4cb4ca40-jsl jsl@
27 error 404 'jsl' is not in the npm registry.
27 error 404 You should bug the author to publish it
27 error 404
27 error 404 Note that you can also install from a
27 error 404 tarball, folder, or http url, or git url.
28 error System Linux 3.5-trunk-amd64
29 error command "/usr/local/bin/node" "/usr/local/bin/npm" "-g" "install" "jsl"
30 error cwd /home/siyb/.vim/bundle
31 error node -v v0.8.20
32 error npm -v 1.2.11
33 error code E404
34 verbose exit [ 1, true ]
